<?xml version="1.0" encoding="UTF-8"?>
<!-- Generated by org.testng.reporters.JUnitXMLReporter -->
<testsuite hostname="TILLT04345" name="Command line test" tests="3" failures="1" timestamp="3 Sep 2018 09:11:45 GMT" time="253.872" errors="0">
  <testcase name="enterStoryDetails" time="84.934" classname="com.til.brandwire.test.TestCase"/>
  <testcase name="enterStoryDetails" time="45.335" classname="com.til.brandwire.test.TestCase"/>
  <testcase name="enterStoryDetails" time="71.779" classname="com.til.brandwire.test.TestCase">
    <failure type="org.openqa.selenium.TimeoutException" message="Expected condition failed: waiting for visibility of element located by By.xpath: //*[@id=&amp;quot;image_crop_pop&amp;quot;]/div[2]/div/div/div/div/button[2] (tried for 20 second(s) with 500 MILLISECONDS interval)">
      <![CDATA[org.openqa.selenium.TimeoutException: Expected condition failed: waiting for visibility of element located by By.xpath: //*[@id="image_crop_pop"]/div[2]/div/div/div/div/button[2] (tried for 20 second(s) with 500 MILLISECONDS interval)
	at org.openqa.selenium.support.ui.WebDriverWait.timeoutException(WebDriverWait.java:82)
	at org.openqa.selenium.support.ui.FluentWait.until(FluentWait.java:231)
	at com.til.colombia.brandwire.login.Helper.waiting(Helper.java:30)
	at com.til.colombia.brandwire.login.Helper.uploadListicleImage(Helper.java:166)
	at com.til.colombia.brandwire.login.CreateBrandStory.storyInitialize(CreateBrandStory.java:73)
	at com.til.brandwire.test.TestCase.enterStoryDetails(TestCase.java:45)
Caused by: org.openqa.selenium.NoSuchElementException: Cannot locate an element using By.xpath: //*[@id="image_crop_pop"]/div[2]/div/div/div/div/button[2]
For documentation on this error, please visit: http://seleniumhq.org/exceptions/no_such_element.html
Build info: version: '3.7.1', revision: '8a0099a', time: '2017-11-06T21:01:39.354Z'
System info: host: 'TILLT04345', ip: '10.150.152.65', os.name: 'Windows 8.1', os.arch: 'amd64', os.version: '6.3', java.version: '1.8.0_151'
Driver info: driver.version: unknown
	at org.openqa.selenium.support.ui.ExpectedConditions.lambda$findElement$0(ExpectedConditions.java:882)
	at java.util.Optional.orElseThrow(Optional.java:290)
	at org.openqa.selenium.support.ui.ExpectedConditions.findElement(ExpectedConditions.java:881)
	at org.openqa.selenium.support.ui.ExpectedConditions.access$000(ExpectedConditions.java:43)
	at org.openqa.selenium.support.ui.ExpectedConditions$7.apply(ExpectedConditions.java:205)
	at org.openqa.selenium.support.ui.ExpectedConditions$7.apply(ExpectedConditions.java:201)
	at org.openqa.selenium.support.ui.FluentWait.until(FluentWait.java:208)
	... 37 more
... Removed 33 stack frames]]>
    </failure>
  </testcase> <!-- enterStoryDetails -->
</testsuite> <!-- Command line test -->
