<?xml version="1.0" encoding="UTF-8"?>
<testng-results skipped="0" failed="1" total="3" passed="2">
  <reporter-output>
  </reporter-output>
  <suite name="com.til.brandwire.test.TestCase" duration-ms="253872" started-at="2018-09-03T09:07:31Z" finished-at="2018-09-03T09:11:45Z">
    <groups>
    </groups>
    <test name="Command line test" duration-ms="253872" started-at="2018-09-03T09:07:31Z" finished-at="2018-09-03T09:11:45Z">
      <class name="com.til.brandwire.test.TestCase">
        <test-method status="PASS" signature="driverInitialize()[pri:0, instance:com.til.brandwire.test.TestCase@7ac7a4e4]" name="driverInitialize" is-config="true" duration-ms="18291" started-at="2018-09-03T14:37:31Z" finished-at="2018-09-03T14:37:49Z">
          <reporter-output>
          </reporter-output>
        </test-method> <!-- driverInitialize -->
        <test-method status="PASS" signature="verifyLogin()[pri:0, instance:com.til.brandwire.test.TestCase@7ac7a4e4]" name="verifyLogin" is-config="true" duration-ms="6712" started-at="2018-09-03T14:37:49Z" finished-at="2018-09-03T14:37:56Z">
          <reporter-output>
          </reporter-output>
        </test-method> <!-- verifyLogin -->
        <test-method status="PASS" signature="accordionClick()[pri:0, instance:com.til.brandwire.test.TestCase@7ac7a4e4]" name="accordionClick" is-config="true" duration-ms="9474" started-at="2018-09-03T14:37:56Z" finished-at="2018-09-03T14:38:05Z">
          <reporter-output>
          </reporter-output>
        </test-method> <!-- accordionClick -->
        <test-method status="PASS" signature="enterStoryDetails(java.lang.String, java.lang.String, java.lang.String, java.lang.String, java.lang.String, java.lang.String, java.lang.String, java.lang.String, java.lang.String, java.lang.String)[pri:0, instance:com.til.brandwire.test.TestCase@7ac7a4e4]" name="enterStoryDetails" duration-ms="84934" started-at="2018-09-03T14:38:05Z" data-provider="setLoginData" finished-at="2018-09-03T14:39:30Z">
          <params>
            <param index="0">
              <value>
                <![CDATA[Listicle]]>
              </value>
            </param>
            <param index="1">
              <value>
                <![CDATA[English]]>
              </value>
            </param>
            <param index="2">
              <value>
                <![CDATA[TOI]]>
              </value>
            </param>
            <param index="3">
              <value>
                <![CDATA[1.0]]>
              </value>
            </param>
            <param index="4">
              <value>
                <![CDATA[Yes]]>
              </value>
            </param>
            <param index="5">
              <value>
                <![CDATA[<blockquote class="twitter-tweet" data-lang="en"><p lang="en" dir="ltr">Tune in now for all the laughs! <a href="https://twitter.com/hashtag/ComicstaanLive?src=hash&amp;ref_src=twsrc%5Etfw">#ComicstaanLive</a> <a href="https://t.co/w4VxLgGaLR">https://t.co/w4VxLgGaLR</a></p>&mdash; Twitter India (@TwitterIndia) <a href="https://twitter.com/TwitterIndia/status/1017789508551630850?ref_src=twsrc%5Etfw">July 13, 2018</a></blockquote>
<script async src="https://platform.twitter.com/widgets.js" charset="utf-8"></script>]]>
              </value>
            </param>
            <param index="6">
              <value>
                <![CDATA[Yes]]>
              </value>
            </param>
            <param index="7">
              <value>
                <![CDATA[Yes]]>
              </value>
            </param>
            <param index="8">
              <value>
                <![CDATA[Yes]]>
              </value>
            </param>
            <param index="9">
              <value>
                <![CDATA[Publish]]>
              </value>
            </param>
          </params>
          <reporter-output>
          </reporter-output>
        </test-method> <!-- enterStoryDetails -->
        <test-method status="PASS" signature="accordionClick()[pri:0, instance:com.til.brandwire.test.TestCase@7ac7a4e4]" name="accordionClick" is-config="true" duration-ms="10467" started-at="2018-09-03T14:39:30Z" finished-at="2018-09-03T14:39:41Z">
          <reporter-output>
          </reporter-output>
        </test-method> <!-- accordionClick -->
        <test-method status="PASS" signature="enterStoryDetails(java.lang.String, java.lang.String, java.lang.String, java.lang.String, java.lang.String, java.lang.String, java.lang.String, java.lang.String, java.lang.String, java.lang.String)[pri:0, instance:com.til.brandwire.test.TestCase@7ac7a4e4]" name="enterStoryDetails" duration-ms="45335" started-at="2018-09-03T14:39:41Z" data-provider="setLoginData" finished-at="2018-09-03T14:40:26Z">
          <params>
            <param index="0">
              <value>
                <![CDATA[Self Serve]]>
              </value>
            </param>
            <param index="1">
              <value>
                <![CDATA[English]]>
              </value>
            </param>
            <param index="2">
              <value>
                <![CDATA[TOI]]>
              </value>
            </param>
            <param index="3">
              <value>
                <![CDATA[1.0]]>
              </value>
            </param>
            <param index="4">
              <value>
                <![CDATA[No]]>
              </value>
            </param>
            <param index="5">
              <value>
                <![CDATA[<blockquote class="twitter-tweet" data-lang="en"><p lang="en" dir="ltr">Tune in now for all the laughs! <a href="https://twitter.com/hashtag/ComicstaanLive?src=hash&amp;ref_src=twsrc%5Etfw">#ComicstaanLive</a> <a href="https://t.co/w4VxLgGaLR">https://t.co/w4VxLgGaLR</a></p>&mdash; Twitter India (@TwitterIndia) <a href="https://twitter.com/TwitterIndia/status/1017789508551630850?ref_src=twsrc%5Etfw">July 13, 2018</a></blockquote>
<script async src="https://platform.twitter.com/widgets.js" charset="utf-8"></script>]]>
              </value>
            </param>
            <param index="6">
              <value>
                <![CDATA[No]]>
              </value>
            </param>
            <param index="7">
              <value>
                <![CDATA[No]]>
              </value>
            </param>
            <param index="8">
              <value>
                <![CDATA[No]]>
              </value>
            </param>
            <param index="9">
              <value>
                <![CDATA[Publish]]>
              </value>
            </param>
          </params>
          <reporter-output>
          </reporter-output>
        </test-method> <!-- enterStoryDetails -->
        <test-method status="PASS" signature="accordionClick()[pri:0, instance:com.til.brandwire.test.TestCase@7ac7a4e4]" name="accordionClick" is-config="true" duration-ms="6754" started-at="2018-09-03T14:40:26Z" finished-at="2018-09-03T14:40:33Z">
          <reporter-output>
          </reporter-output>
        </test-method> <!-- accordionClick -->
        <test-method status="FAIL" signature="enterStoryDetails(java.lang.String, java.lang.String, java.lang.String, java.lang.String, java.lang.String, java.lang.String, java.lang.String, java.lang.String, java.lang.String, java.lang.String)[pri:0, instance:com.til.brandwire.test.TestCase@7ac7a4e4]" name="enterStoryDetails" duration-ms="71779" started-at="2018-09-03T14:40:33Z" data-provider="setLoginData" finished-at="2018-09-03T14:41:45Z">
          <params>
            <param index="0">
              <value>
                <![CDATA[Listicle]]>
              </value>
            </param>
            <param index="1">
              <value>
                <![CDATA[Hindi]]>
              </value>
            </param>
            <param index="2">
              <value>
                <![CDATA[NBT]]>
              </value>
            </param>
            <param index="3">
              <value>
                <![CDATA[1.0]]>
              </value>
            </param>
            <param index="4">
              <value>
                <![CDATA[Yes]]>
              </value>
            </param>
            <param index="5">
              <value>
                <![CDATA[<blockquote class="twitter-tweet" data-lang="en"><p lang="en" dir="ltr">Tune in now for all the laughs! <a href="https://twitter.com/hashtag/ComicstaanLive?src=hash&amp;ref_src=twsrc%5Etfw">#ComicstaanLive</a> <a href="https://t.co/w4VxLgGaLR">https://t.co/w4VxLgGaLR</a></p>&mdash; Twitter India (@TwitterIndia) <a href="https://twitter.com/TwitterIndia/status/1017789508551630850?ref_src=twsrc%5Etfw">July 13, 2018</a></blockquote>
<script async src="https://platform.twitter.com/widgets.js" charset="utf-8"></script>]]>
              </value>
            </param>
            <param index="6">
              <value>
                <![CDATA[Yes]]>
              </value>
            </param>
            <param index="7">
              <value>
                <![CDATA[Yes]]>
              </value>
            </param>
            <param index="8">
              <value>
                <![CDATA[No]]>
              </value>
            </param>
            <param index="9">
              <value>
                <![CDATA[Publish]]>
              </value>
            </param>
          </params>
          <exception class="org.openqa.selenium.TimeoutException">
            <message>
              <![CDATA[Expected condition failed: waiting for visibility of element located by By.xpath: //*[@id="image_crop_pop"]/div[2]/div/div/div/div/button[2] (tried for 20 second(s) with 500 MILLISECONDS interval)]]>
            </message>
            <full-stacktrace>
              <![CDATA[org.openqa.selenium.TimeoutException: Expected condition failed: waiting for visibility of element located by By.xpath: //*[@id="image_crop_pop"]/div[2]/div/div/div/div/button[2] (tried for 20 second(s) with 500 MILLISECONDS interval)
	at org.openqa.selenium.support.ui.WebDriverWait.timeoutException(WebDriverWait.java:82)
	at org.openqa.selenium.support.ui.FluentWait.until(FluentWait.java:231)
	at com.til.colombia.brandwire.login.Helper.waiting(Helper.java:30)
	at com.til.colombia.brandwire.login.Helper.uploadListicleImage(Helper.java:166)
	at com.til.colombia.brandwire.login.CreateBrandStory.storyInitialize(CreateBrandStory.java:73)
	at com.til.brandwire.test.TestCase.enterStoryDetails(TestCase.java:45)
	at sun.reflect.NativeMethodAccessorImpl.invoke0(Native Method)
	at sun.reflect.NativeMethodAccessorImpl.invoke(NativeMethodAccessorImpl.java:62)
	at sun.reflect.DelegatingMethodAccessorImpl.invoke(DelegatingMethodAccessorImpl.java:43)
	at java.lang.reflect.Method.invoke(Method.java:498)
	at org.testng.internal.MethodInvocationHelper.invokeMethod(MethodInvocationHelper.java:84)
	at org.testng.internal.Invoker.invokeMethod(Invoker.java:714)
	at org.testng.internal.Invoker.invokeTestMethod(Invoker.java:901)
	at org.testng.internal.Invoker.invokeTestMethods(Invoker.java:1231)
	at org.testng.internal.TestMethodWorker.invokeTestMethods(TestMethodWorker.java:127)
	at org.testng.internal.TestMethodWorker.run(TestMethodWorker.java:111)
	at org.testng.TestRunner.privateRun(TestRunner.java:767)
	at org.testng.TestRunner.run(TestRunner.java:617)
	at org.testng.SuiteRunner.runTest(SuiteRunner.java:348)
	at org.testng.SuiteRunner.runSequentially(SuiteRunner.java:343)
	at org.testng.SuiteRunner.privateRun(SuiteRunner.java:305)
	at org.testng.SuiteRunner.run(SuiteRunner.java:254)
	at org.testng.SuiteRunnerWorker.runSuite(SuiteRunnerWorker.java:52)
	at org.testng.SuiteRunnerWorker.run(SuiteRunnerWorker.java:86)
	at org.testng.TestNG.runSuitesSequentially(TestNG.java:1224)
	at org.testng.TestNG.runSuitesLocally(TestNG.java:1149)
	at org.testng.TestNG.run(TestNG.java:1057)
	at org.apache.maven.surefire.testng.TestNGExecutor.run(TestNGExecutor.java:77)
	at org.apache.maven.surefire.testng.TestNGDirectoryTestSuite.execute(TestNGDirectoryTestSuite.java:110)
	at org.apache.maven.surefire.testng.TestNGProvider.invoke(TestNGProvider.java:106)
	at sun.reflect.NativeMethodAccessorImpl.invoke0(Native Method)
	at sun.reflect.NativeMethodAccessorImpl.invoke(NativeMethodAccessorImpl.java:62)
	at sun.reflect.DelegatingMethodAccessorImpl.invoke(DelegatingMethodAccessorImpl.java:43)
	at java.lang.reflect.Method.invoke(Method.java:498)
	at org.apache.maven.surefire.util.ReflectionUtils.invokeMethodWithArray(ReflectionUtils.java:189)
	at org.apache.maven.surefire.booter.ProviderFactory$ProviderProxy.invoke(ProviderFactory.java:165)
	at org.apache.maven.surefire.booter.ProviderFactory.invokeProvider(ProviderFactory.java:85)
	at org.apache.maven.surefire.booter.ForkedBooter.runSuitesInProcess(ForkedBooter.java:115)
	at org.apache.maven.surefire.booter.ForkedBooter.main(ForkedBooter.java:75)
Caused by: org.openqa.selenium.NoSuchElementException: Cannot locate an element using By.xpath: //*[@id="image_crop_pop"]/div[2]/div/div/div/div/button[2]
For documentation on this error, please visit: http://seleniumhq.org/exceptions/no_such_element.html
Build info: version: '3.7.1', revision: '8a0099a', time: '2017-11-06T21:01:39.354Z'
System info: host: 'TILLT04345', ip: '10.150.152.65', os.name: 'Windows 8.1', os.arch: 'amd64', os.version: '6.3', java.version: '1.8.0_151'
Driver info: driver.version: unknown
	at org.openqa.selenium.support.ui.ExpectedConditions.lambda$findElement$0(ExpectedConditions.java:882)
	at java.util.Optional.orElseThrow(Optional.java:290)
	at org.openqa.selenium.support.ui.ExpectedConditions.findElement(ExpectedConditions.java:881)
	at org.openqa.selenium.support.ui.ExpectedConditions.access$000(ExpectedConditions.java:43)
	at org.openqa.selenium.support.ui.ExpectedConditions$7.apply(ExpectedConditions.java:205)
	at org.openqa.selenium.support.ui.ExpectedConditions$7.apply(ExpectedConditions.java:201)
	at org.openqa.selenium.support.ui.FluentWait.until(FluentWait.java:208)
	... 37 more
]]>
            </full-stacktrace>
          </exception> <!-- org.openqa.selenium.TimeoutException -->
          <reporter-output>
          </reporter-output>
        </test-method> <!-- enterStoryDetails -->
      </class> <!-- com.til.brandwire.test.TestCase -->
    </test> <!-- Command line test -->
  </suite> <!-- com.til.brandwire.test.TestCase -->
</testng-results>
